<?xml version="1.0" encoding="UTF-8"?>
<!-- Generated by org.testng.reporters.JUnitReportReporter -->
<testsuite hostname="DESKTOP-AC0MKQQ" name="openbaidu.openbaidu" tests="1" failures="0" timestamp="18 Mar 2019 01:33:54 GMT" time="2.559" errors="0">
  <testcase name="f" time="2.559" classname="openbaidu.openbaidu"/>
</testsuite> <!-- openbaidu.openbaidu -->
